[2026-05-15 01:18:20]
--- INITIAL STATE ---
Mass (m1): 0.193284 kg | Pressure (P1): 153.62 kPa | Temp (T1): 372.00 K

--- STEP 1: ISOCHORIC MASS ADDITION ---
Mass Added (delta_m): 0.014919 kg
New Total Mass (m2): 0.208203 kg
Resulting Temp (T2): 382.66 K (Rose due to flow work)
Stabilized Pressure: 170220.00 kPa

--- STEP 2: ISOBARIC MASS REJECTION ---
Mass Removed: 0.014919 kg (Equal to added mass)
Final Volume (V2): 0.118400 m^3
Required Final Temp (T3): 363.32 K
Maintained Pressure (P3): 170.22 kPa (Target: 170.22 kPa)
P1: 153620

P3: 1.7022e+05

P_target: 170220

R: 287

T1: 372

T2: 382.66

T3: 363.32

T_in: 372

V1: 0.1343

V2: 0.1184

delta_m: 0.014919

delta_m_removed: 0.014919

denominator: -3.1169e+04

gamma: 1.4000

m1: 0.1933

m2: 0.2082

m3: 0.1933

numerator: -8254.3

